[15:24:41] [Server thread/INFO]: Starting minecraft server version 1.7.10
[15:30:11] [Server thread/INFO]: Loading properties
[15:30:12] [Server thread/INFO]: Default game type: SURVIVAL
[15:30:12] [Server thread/INFO]: Generating keypair
[15:30:13] [Server thread/INFO]: Starting Minecraft server on *:25565
[15:30:15] [Server thread/WARN]: **** SERVER IS RUNNING IN OFFLINE/INSECURE MODE!
[15:30:15] [Server thread/WARN]: The server will make no attempt to authenticate usernames. Beware.
[15:30:15] [Server thread/WARN]: While this makes the game possible to play without internet access, it also opens up the ability for hackers to connect with any username they choose.
[15:30:15] [Server thread/WARN]: To change this, set "online-mode" to "true" in the server.properties file.
[15:30:20] [Server thread/INFO]: Preparing level "world"
[15:30:30] [Server thread/INFO]: Preparing start region for level 0
[15:30:33] [Server thread/INFO]: Preparing spawn area: 0%
[15:30:37] [Server thread/INFO]: Preparing spawn area: 1%
[15:30:39] [Server thread/INFO]: Preparing spawn area: 19%
[15:30:40] [Server thread/INFO]: Preparing spawn area: 28%
[15:30:41] [Server thread/INFO]: Preparing spawn area: 35%
[15:30:42] [Server thread/INFO]: Preparing spawn area: 46%
[15:30:43] [Server thread/INFO]: Preparing spawn area: 61%
[15:30:45] [Server thread/INFO]: Preparing spawn area: 74%
[15:30:46] [Server thread/INFO]: Preparing spawn area: 76%
[15:30:47] [Server thread/INFO]: Preparing spawn area: 80%
[15:30:48] [Server thread/INFO]: Preparing spawn area: 86%
[15:30:49] [Server thread/INFO]: Done (28.892s)! For help, type "help" or "?"
[15:30:54] [Server thread/WARN]: Can't keep up! Did the system time change, or is the server overloaded? Running 3795ms behind, skipping 75 tick(s)
