[20:04:06] [main/INFO]: Setting user: Player20
[20:04:16] [Client thread/INFO]: LWJGL Version: 2.9.1
[20:04:43] [Client thread/INFO]: Reloading ResourceManager: Default, FMLFileResourcePack:Forge Mod Loader, FMLFileResourcePack:Minecraft Forge, FMLFileResourcePack:Floocraft
[20:04:48] [Sound Library Loader/INFO]: Sound engine started
[20:05:03] [Client thread/INFO]: Created: 512x256 textures/blocks-atlas
[20:05:04] [Client thread/INFO]: Created: 256x256 textures/items-atlas
[20:05:05] [Client thread/INFO]: Reloading ResourceManager: Default, FMLFileResourcePack:Forge Mod Loader, FMLFileResourcePack:Minecraft Forge, FMLFileResourcePack:Floocraft
[20:05:05] [Client thread/INFO]: Created: 256x256 textures/items-atlas
[20:05:06] [Client thread/INFO]: Created: 512x256 textures/blocks-atlas
[20:05:09] [Sound Library Loader/INFO]: Sound engine started
[20:06:07] [Server thread/INFO]: Starting integrated minecraft server version 1.7.10
[20:06:07] [Server thread/INFO]: Generating keypair
[20:06:09] [Server thread/INFO]: Preparing start region for level 0
[20:06:11] [Server thread/INFO]: Preparing spawn area: 0%
[20:06:12] [Server thread/INFO]: Preparing spawn area: 17%
[20:06:13] [Server thread/INFO]: Preparing spawn area: 70%
[20:06:14] [Server thread/INFO]: Changing view distance to 4, from 10
[20:06:16] [Server thread/WARN]: Can't keep up! Did the system time change, or is the server overloaded? Running 2419ms behind, skipping 48 tick(s)
[20:06:17] [Server thread/INFO]: Player20[local:E:f851cf37] logged in with entity id 92 at (-1417.6206213844732, 4.0, 81.28202430812026)
[20:06:17] [Server thread/INFO]: Player20 joined the game
[20:06:42] [Server thread/WARN]: Can't keep up! Did the system time change, or is the server overloaded? Running 6699ms behind, skipping 133 tick(s)
[20:06:45] [Client thread/WARN]: Unable to play unknown soundEvent: ftfloocraft:greened
[20:06:50] [Server thread/INFO]: Saving and pausing game...
[20:06:50] [Server thread/INFO]: Saving chunks for level 'New World'/Overworld
[20:06:50] [Server thread/INFO]: Saving chunks for level 'New World'/Nether
[20:06:50] [Server thread/INFO]: Saving chunks for level 'New World'/The End
[20:12:42] [Server thread/WARN]: Can't keep up! Did the system time change, or is the server overloaded? Running 2182ms behind, skipping 43 tick(s)
