[20:15:07] [main/INFO]: Setting user: Player62
[20:15:15] [Client thread/INFO]: LWJGL Version: 2.9.1
[20:15:42] [Client thread/INFO]: Reloading ResourceManager: Default, FMLFileResourcePack:Forge Mod Loader, FMLFileResourcePack:Minecraft Forge, FMLFileResourcePack:Floocraft
[20:15:46] [Sound Library Loader/INFO]: Sound engine started
[20:16:01] [Client thread/INFO]: Created: 512x256 textures/blocks-atlas
[20:16:01] [Client thread/INFO]: Created: 256x256 textures/items-atlas
[20:16:03] [Client thread/INFO]: Reloading ResourceManager: Default, FMLFileResourcePack:Forge Mod Loader, FMLFileResourcePack:Minecraft Forge, FMLFileResourcePack:Floocraft
[20:16:03] [Client thread/INFO]: Created: 256x256 textures/items-atlas
[20:16:04] [Client thread/INFO]: Created: 512x256 textures/blocks-atlas
[20:16:06] [Sound Library Loader/INFO]: Sound engine started
[20:16:34] [Server thread/INFO]: Starting integrated minecraft server version 1.7.10
[20:16:34] [Server thread/INFO]: Generating keypair
[20:16:37] [Server thread/INFO]: Preparing start region for level 0
[20:16:38] [Server thread/INFO]: Preparing spawn area: 0%
[20:16:39] [Server thread/INFO]: Preparing spawn area: 17%
[20:16:40] [Server thread/INFO]: Preparing spawn area: 61%
[20:16:42] [Server thread/INFO]: Changing view distance to 4, from 10
[20:16:44] [Server thread/INFO]: Player62[local:E:fa3248c8] logged in with entity id 92 at (-1417.6206213844732, 4.0, 81.28202430812026)
[20:16:44] [Server thread/INFO]: Player62 joined the game
[20:16:50] [Server thread/WARN]: Can't keep up! Did the system time change, or is the server overloaded? Running 8093ms behind, skipping 161 tick(s)
[20:17:06] [Server thread/WARN]: Can't keep up! Did the system time change, or is the server overloaded? Running 3060ms behind, skipping 61 tick(s)
[20:28:26] [Client thread/WARN]: Unable to play unknown soundEvent: ftfloocraft:greened
[20:28:27] [Server thread/INFO]: Saving and pausing game...
[20:28:27] [Server thread/INFO]: Saving chunks for level 'New World'/Overworld
[20:28:27] [Server thread/INFO]: Saving chunks for level 'New World'/Nether
[20:28:27] [Server thread/INFO]: Saving chunks for level 'New World'/The End
[20:28:27] [Server thread/WARN]: Can't keep up! Did the system time change, or is the server overloaded? Running 659084ms behind, skipping 13181 tick(s)
[20:28:50] [Server thread/WARN]: Can't keep up! Did the system time change, or is the server overloaded? Running 10848ms behind, skipping 216 tick(s)
[20:37:36] [Client thread/WARN]: Unable to play unknown soundEvent: ftfloocraft:greened
[20:37:47] [Server thread/INFO]: Saving and pausing game...
[20:37:47] [Server thread/INFO]: Saving chunks for level 'New World'/Overworld
[20:37:47] [Server thread/INFO]: Saving chunks for level 'New World'/Nether
[20:37:47] [Server thread/INFO]: Saving chunks for level 'New World'/The End
[20:37:47] [Server thread/WARN]: Can't keep up! Did the system time change, or is the server overloaded? Running 215181ms behind, skipping 4303 tick(s)
