[22:44:14] [main/INFO]: Setting user: Player88
[22:44:23] [Client thread/INFO]: LWJGL Version: 2.9.1
[22:44:50] [Client thread/INFO]: Reloading ResourceManager: Default, FMLFileResourcePack:Forge Mod Loader, FMLFileResourcePack:Minecraft Forge, FMLFileResourcePack:Floocraft
[22:44:57] [Sound Library Loader/INFO]: Sound engine started
[22:45:10] [Client thread/INFO]: Created: 512x256 textures/blocks-atlas
[22:45:11] [Client thread/INFO]: Created: 256x256 textures/items-atlas
[22:45:13] [Client thread/INFO]: Reloading ResourceManager: Default, FMLFileResourcePack:Forge Mod Loader, FMLFileResourcePack:Minecraft Forge, FMLFileResourcePack:Floocraft
[22:45:14] [Client thread/INFO]: Created: 256x256 textures/items-atlas
[22:45:15] [Client thread/INFO]: Created: 512x256 textures/blocks-atlas
[22:45:17] [Sound Library Loader/INFO]: Sound engine started
[22:45:37] [Server thread/INFO]: Starting integrated minecraft server version 1.7.10
[22:45:37] [Server thread/INFO]: Generating keypair
[22:45:39] [Server thread/INFO]: Preparing start region for level 0
[22:45:41] [Server thread/INFO]: Preparing spawn area: 0%
[22:45:42] [Server thread/INFO]: Preparing spawn area: 18%
[22:45:43] [Server thread/INFO]: Preparing spawn area: 91%
[22:45:45] [Server thread/INFO]: Changing view distance to 4, from 10
[22:45:48] [Server thread/INFO]: Player88[local:E:fe6bcec1] logged in with entity id 246 at (-1818.4563956601762, 4.0, 1189.2782105863064)
[22:45:48] [Server thread/INFO]: Player88 joined the game
[22:45:54] [pool-2-thread-1/WARN]: Couldn't look up profile properties for com.mojang.authlib.GameProfile@60fd4e2c[id=83a9d3a3-9e1e-31ca-9e08-18626d61aedc,name=Player88,properties={},legacy=false]
com.mojang.authlib.exceptions.AuthenticationUnavailableException: Cannot contact authentication server
	at com.mojang.authlib.yggdrasil.YggdrasilAuthenticationService.makeRequest(YggdrasilAuthenticationService.java:71) ~[YggdrasilAuthenticationService.class:?]
	at com.mojang.authlib.yggdrasil.YggdrasilMinecraftSessionService.fillGameProfile(YggdrasilMinecraftSessionService.java:158) [YggdrasilMinecraftSessionService.class:?]
	at com.mojang.authlib.yggdrasil.YggdrasilMinecraftSessionService$1.load(YggdrasilMinecraftSessionService.java:53) [YggdrasilMinecraftSessionService$1.class:?]
	at com.mojang.authlib.yggdrasil.YggdrasilMinecraftSessionService$1.load(YggdrasilMinecraftSessionService.java:50) [YggdrasilMinecraftSessionService$1.class:?]
	at com.google.common.cache.LocalCache$LoadingValueReference.loadFuture(LocalCache.java:3524) [guava-17.0.jar:?]
	at com.google.common.cache.LocalCache$Segment.loadSync(LocalCache.java:2317) [guava-17.0.jar:?]
	at com.google.common.cache.LocalCache$Segment.lockedGetOrLoad(LocalCache.java:2280) [guava-17.0.jar:?]
	at com.google.common.cache.LocalCache$Segment.get(LocalCache.java:2195) [guava-17.0.jar:?]
	at com.google.common.cache.LocalCache.get(LocalCache.java:3934) [guava-17.0.jar:?]
	at com.google.common.cache.LocalCache.getOrLoad(LocalCache.java:3938) [guava-17.0.jar:?]
	at com.google.common.cache.LocalCache$LocalLoadingCache.get(LocalCache.java:4821) [guava-17.0.jar:?]
	at com.google.common.cache.LocalCache$LocalLoadingCache.getUnchecked(LocalCache.java:4827) [guava-17.0.jar:?]
	at com.mojang.authlib.yggdrasil.YggdrasilMinecraftSessionService.fillProfileProperties(YggdrasilMinecraftSessionService.java:148) [YggdrasilMinecraftSessionService.class:?]
	at net.minecraft.client.resources.SkinManager$3.run(SkinManager.java:133) [SkinManager$3.class:?]
	at java.util.concurrent.Executors$RunnableAdapter.call(Executors.java:471) [?:1.7.0_72]
	at java.util.concurrent.FutureTask.run(FutureTask.java:262) [?:1.7.0_72]
	at java.util.concurrent.ThreadPoolExecutor.runWorker(ThreadPoolExecutor.java:1145) [?:1.7.0_72]
	at java.util.concurrent.ThreadPoolExecutor$Worker.run(ThreadPoolExecutor.java:615) [?:1.7.0_72]
	at java.lang.Thread.run(Thread.java:745) [?:1.7.0_72]
Caused by: java.net.UnknownHostException: sessionserver.mojang.com
	at java.net.AbstractPlainSocketImpl.connect(AbstractPlainSocketImpl.java:178) ~[?:1.7.0_72]
	at java.net.PlainSocketImpl.connect(PlainSocketImpl.java:172) ~[?:1.7.0_72]
	at java.net.SocksSocketImpl.connect(SocksSocketImpl.java:392) ~[?:1.7.0_72]
	at java.net.Socket.connect(Socket.java:579) ~[?:1.7.0_72]
	at sun.security.ssl.SSLSocketImpl.connect(SSLSocketImpl.java:618) ~[?:1.7.0_72]
	at sun.net.NetworkClient.doConnect(NetworkClient.java:175) ~[?:1.7.0_72]
	at sun.net.www.http.HttpClient.openServer(HttpClient.java:432) ~[?:1.7.0_72]
	at sun.net.www.http.HttpClient.openServer(HttpClient.java:527) ~[?:1.7.0_72]
	at sun.net.www.protocol.https.HttpsClient.<init>(HttpsClient.java:275) ~[?:1.7.0_72]
	at sun.net.www.protocol.https.HttpsClient.New(HttpsClient.java:371) ~[?:1.7.0_72]
	at sun.net.www.protocol.https.AbstractDelegateHttpsURLConnection.getNewHttpClient(AbstractDelegateHttpsURLConnection.java:191) ~[?:1.7.0_72]
	at sun.net.www.protocol.http.HttpURLConnection.plainConnect(HttpURLConnection.java:975) ~[?:1.7.0_72]
	at sun.net.www.protocol.https.AbstractDelegateHttpsURLConnection.connect(AbstractDelegateHttpsURLConnection.java:177) ~[?:1.7.0_72]
	at sun.net.www.protocol.http.HttpURLConnection.getInputStream(HttpURLConnection.java:1300) ~[?:1.7.0_72]
	at sun.net.www.protocol.https.HttpsURLConnectionImpl.getInputStream(HttpsURLConnectionImpl.java:254) ~[?:1.7.0_72]
	at com.mojang.authlib.HttpAuthenticationService.performGetRequest(HttpAuthenticationService.java:126) ~[HttpAuthenticationService.class:?]
	at com.mojang.authlib.yggdrasil.YggdrasilAuthenticationService.makeRequest(YggdrasilAuthenticationService.java:54) ~[YggdrasilAuthenticationService.class:?]
	... 18 more
[22:45:57] [Server thread/WARN]: Can't keep up! Did the system time change, or is the server overloaded? Running 12357ms behind, skipping 247 tick(s)
[22:46:06] [Server thread/WARN]: Can't keep up! Did the system time change, or is the server overloaded? Running 4364ms behind, skipping 87 tick(s)
[22:47:12] [Server thread/INFO]: Player88 has just earned the achievement [Taking Inventory]
[22:47:13] [Client thread/INFO]: [CHAT] Player88 has just earned the achievement [Taking Inventory]
[22:47:43] [Server thread/INFO]: Saving and pausing game...
[22:47:43] [Server thread/INFO]: Saving chunks for level 'New World'/Overworld
[22:47:43] [Server thread/INFO]: Saving chunks for level 'New World'/Nether
[22:47:43] [Server thread/INFO]: Saving chunks for level 'New World'/The End
[22:47:44] [Server thread/INFO]: Stopping server
[22:47:44] [Server thread/INFO]: Saving players
[22:47:45] [Server thread/INFO]: Saving worlds
[22:47:45] [Server thread/INFO]: Saving chunks for level 'New World'/Overworld
[22:47:45] [Server thread/INFO]: Saving chunks for level 'New World'/Nether
[22:47:45] [Server thread/INFO]: Saving chunks for level 'New World'/The End
[22:47:47] [Client thread/INFO]: Stopping!
